Log-file of program ./dymosim
(generated: Tue Nov 16 16:36:36 2021)

dymosim started
... "dsin.txt" loading (dymosim input file)
... "SpringDamperDemo.mat" creating (simulation result file)

Integration started at T = 0 using integration method DASSL
(DAE multi-step solver (dassl/dasslrt of Petzold modified by Dassault Systemes))
Integration terminated successfully at T = 5
   CPU-time for integration                : 0.038 seconds
   CPU-time for one grid interval          : 0.0076 milliseconds
   CPU-time for initialization             : 0 seconds
   Number of result points                 : 5002
   Number of grid points                   : 5001
   Number of accepted steps                : 161
   Number of f-evaluations (dynamics)      : 307
   Number of Jacobian-evaluations          : 20
   Number of model time events             : 0
   Number of input time events             : 0
   Number of state events                  : 0
   Number of step events                   : 0
   Minimum integration stepsize            : 4.35e-08
   Maximum integration stepsize            : 0.0665
   Maximum integration order               : 5
Calling terminal section
... "dsfinal.txt" creating (final states)
