Log-file of program ./dymosim
(generated: Thu Feb 20 14:07:46 2020)

dymosim started
... "dsin.txt" loading (dymosim input file)
... "PendulumExcited.mat" creating (simulation result file)

Integration started at T = 0 using integration method DASSL
(DAE multi-step solver (dassl/dasslrt of Petzold modified by Dassault Systemes))
Integration terminated successfully at T = 3
   CPU-time for integration                : 0.052 seconds
   CPU-time for one grid interval          : 0.00867 milliseconds
   CPU-time for initialization             : 0.001 seconds
   Number of result points                 : 6002
   Number of grid points                   : 6001
   Number of accepted steps                : 190
   Number of f-evaluations (dynamics)      : 354
   Number of Jacobian-evaluations          : 37
   Number of model time events             : 1
   Number of input time events             : 0
   Number of state events                  : 0
   Number of step events                   : 0
   Minimum integration stepsize            : 7.93e-08
   Maximum integration stepsize            : 0.0381
   Maximum integration order               : 5
Calling terminal section
... "dsfinal.txt" creating (final states)
