Log-file of program ./dymosim
(generated: Tue Nov 16 16:36:58 2021)

dymosim started
... "dsin.txt" loading (dymosim input file)
... "PistonEngine_DynamicStateSelection.mat" creating (simulation result file)

Integration started at T = 0 using integration method DASSL
(DAE multi-step solver (dassl/dasslrt of Petzold modified by Dassault Systemes))
Integration terminated successfully at T = 10
   CPU-time for integration                : 0.095 seconds
   CPU-time for one grid interval          : 0.019 milliseconds
   CPU-time for initialization             : 0 seconds
   Number of result points                 : 5011
   Number of grid points                   : 5001
   Number of accepted steps                : 615
   Number of f-evaluations (dynamics)      : 1199
   Number of Jacobian-evaluations          : 110
   Number of model time events             : 0
   Number of input time events             : 0
   Number of state events                  : 0
   Number of step events                   : 12
   Minimum integration stepsize            : 2.06e-07
   Maximum integration stepsize            : 0.0706
   Maximum integration order               : 5
Calling terminal section
... "dsfinal.txt" creating (final states)
