Log-file of program ./dymosim
(generated: Mon Sep 11 12:55:15 2023)

dymosim started
... "PlanarMechanics.GearComponents.Examples.PlanetaryGear" simulating
... "dsin.txt" loading (dymosim input file)
... "PlanetaryGear.mat" creating (simulation result file)

Integration started at T = 0 using integration method DASSL
(DAE multi-step solver (dassl/dasslrt of Petzold modified by Dassault Systemes))

Integration terminated successfully at T = 10
   CPU-time for integration                : 0.048 seconds
   CPU-time for one grid interval          : 0.0096 milliseconds
   CPU-time for initialization             : 0.001 seconds
   Number of result points                 : 5002
   Number of grid points                   : 5001
   Number of accepted steps                : 306
   Number of f-evaluations (dynamics)      : 601
   Number of Jacobian-evaluations          : 20
   Number of model time events             : 0
   Number of input time events             : 0
   Number of state events                  : 0
   Number of step events                   : 0
   Minimum integration stepsize            : 3.73e-07
   Maximum integration stepsize            : 0.0451
   Maximum integration order               : 5
Calling terminal section
... "dsfinal.txt" creating (final states)

SUCCESSFUL simulation of PlanarMechanics.GearComponents.Examples.PlanetaryGear
