Log-file of program ./dymosim
(generated: Fri Feb 14 10:44:26 2020)

dymosim started
... "dsin.txt" loading (dymosim input file)
... "KinematicLoop_DynamicStateSelection.mat" creating (simulation result file)

Integration started at T = 0 using integration method DASSL
(DAE multi-step solver (dassl/dasslrt of Petzold modified by Dassault Systemes))
Integration terminated successfully at T = 6
   CPU-time for integration                : 0.197 seconds
   CPU-time for one grid interval          : 0.0164 milliseconds
   CPU-time for initialization             : 0 seconds
   Number of result points                 : 12002
   Number of grid points                   : 12001
   Number of accepted steps                : 287
   Number of f-evaluations (dynamics)      : 567
   Number of Jacobian-evaluations          : 21
   Number of model time events             : 0
   Number of input time events             : 0
   Number of state events                  : 0
   Number of step events                   : 0
   Minimum integration stepsize            : 2.29e-08
   Maximum integration stepsize            : 0.0376
   Maximum integration order               : 5
Calling terminal section
... "dsfinal.txt" creating (final states)
