Log-file of program ./dymosim
(generated: Mon Sep 11 12:55:21 2023)

dymosim started
... "PlanarMechanics.GearComponents.Examples.SpurGear" simulating
... "dsin.txt" loading (dymosim input file)
... "SpurGear.mat" creating (simulation result file)

Integration started at T = 0 using integration method DASSL
(DAE multi-step solver (dassl/dasslrt of Petzold modified by Dassault Systemes))

Integration terminated successfully at T = 10
   CPU-time for integration                : 0.015 seconds
   CPU-time for one grid interval          : 0.003 milliseconds
   CPU-time for initialization             : 0 seconds
   Number of result points                 : 5002
   Number of grid points                   : 5001
   Number of accepted steps                : 25
   Number of f-evaluations (dynamics)      : 25
   Number of Jacobian-evaluations          : 24
   Number of model time events             : 0
   Number of input time events             : 0
   Number of state events                  : 0
   Number of step events                   : 0
   Minimum integration stepsize            : 5e-07
   Maximum integration stepsize            : 4.19
   Maximum integration order               : 1
Calling terminal section
... "dsfinal.txt" creating (final states)

SUCCESSFUL simulation of PlanarMechanics.GearComponents.Examples.SpurGear
