Log-file of program ./dymosim
(generated: Fri Feb 14 10:44:45 2020)

dymosim started
... "dsin.txt" loading (dymosim input file)
... "WheelBasedCranCrab.mat" creating (simulation result file)

Integration started at T = 0 using integration method DASSL
(DAE multi-step solver (dassl/dasslrt of Petzold modified by Dassault Systemes))
Integration terminated successfully at T = 4.5
   CPU-time for integration                : 0.073 seconds
   CPU-time for one grid interval          : 0.00811 milliseconds
   CPU-time for initialization             : 0 seconds
   Number of result points                 : 9002
   Number of grid points                   : 9001
   Number of accepted steps                : 358
   Number of f-evaluations (dynamics)      : 733
   Number of Jacobian-evaluations          : 35
   Number of model time events             : 0
   Number of input time events             : 0
   Number of state events                  : 0
   Number of step events                   : 0
   Minimum integration stepsize            : 1.48e-07
   Maximum integration stepsize            : 0.0368
   Maximum integration order               : 5
Calling terminal section
... "dsfinal.txt" creating (final states)
