Log-file of program ./dymosim
(generated: Fri Feb 14 10:45:31 2020)

dymosim started
... "dsin.txt" loading (dymosim input file)
... "TwoTrackWithDifferentialGear.mat" creating (simulation result file)

Integration started at T = 0 using integration method DASSL
(DAE multi-step solver (dassl/dasslrt of Petzold modified by Dassault Systemes))
Integration terminated successfully at T = 10
   CPU-time for integration                : 0.406 seconds
   CPU-time for one grid interval          : 0.0203 milliseconds
   CPU-time for initialization             : 0.001 seconds
   Number of result points                 : 20020
   Number of grid points                   : 20001
   Number of accepted steps                : 615
   Number of f-evaluations (dynamics)      : 1149
   Number of crossing function evaluations : 20627
   Number of Jacobian-evaluations          : 181
   Number of model time events             : 6
   Number of input time events             : 0
   Number of state events                  : 4
   Number of step events                   : 0
   Minimum integration stepsize            : 1.13e-07
   Maximum integration stepsize            : 0.118
   Maximum integration order               : 5
Calling terminal section
... "dsfinal.txt" creating (final states)
