Log-file of program ./dymosim
(generated: Thu Feb 20 14:08:31 2020)

dymosim started
... "dsin.txt" loading (dymosim input file)
... "KinematicLoop.mat" creating (simulation result file)

Integration started at T = 0 using integration method DASSL
(DAE multi-step solver (dassl/dasslrt of Petzold modified by Dassault Systemes))
Integration terminated successfully at T = 6
   CPU-time for integration                : 0.161 seconds
   CPU-time for one grid interval          : 0.0134 milliseconds
   CPU-time for initialization             : 0 seconds
   Number of result points                 : 12002
   Number of grid points                   : 12001
   Number of accepted steps                : 270
   Number of f-evaluations (dynamics)      : 543
   Number of Jacobian-evaluations          : 25
   Number of model time events             : 0
   Number of input time events             : 0
   Number of state events                  : 0
   Number of step events                   : 0
   Minimum integration stepsize            : 2.48e-08
   Maximum integration stepsize            : 0.0386
   Maximum integration order               : 5
Calling terminal section
... "dsfinal.txt" creating (final states)
