Log-file of program ./dymosim
(generated: Mon Sep 22 14:50:56 2025)

dymosim started
... "PlanarMechanics.Examples.DoublePendulum" simulating
... "dsin.txt" loading (dymosim input file)
... "DoublePendulum.mat" creating (simulation result file)

Integration started at T = 0 using integration method DASSL
(DAE multi-step solver (dassl/dasslrt of Petzold modified by Dassault Systemes))

Integration terminated successfully at T = 10
   CPU-time for integration                : 0.006 seconds
   CPU-time for one grid interval          : 0.0012 milliseconds
   CPU-time for initialization             : 0 seconds
   Number of result points                 : 5002
   Number of grid points                   : 5001
   Number of accepted steps                : 840
   Number of f-evaluations (dynamics)      : 1694
   Number of Jacobian-evaluations          : 34
   Number of model time events             : 0
   Number of input time events             : 0
   Number of state events                  : 0
   Number of step events                   : 0
   Minimum integration stepsize            : 8.64e-08
   Maximum integration stepsize            : 0.0261
   Maximum integration order               : 5
Calling terminal section
... "dsfinal.txt" creating (final states)

SUCCESSFUL simulation of PlanarMechanics.Examples.DoublePendulum
