Log-file of program ./dymosim
(generated: Thu Feb 20 14:07:34 2020)

dymosim started
... "dsin.txt" loading (dymosim input file)
... "FreeBody.mat" creating (simulation result file)

Integration started at T = 0 using integration method DASSL
(DAE multi-step solver (dassl/dasslrt of Petzold modified by Dassault Systemes))
Integration terminated successfully at T = 3
   CPU-time for integration                : 0.036 seconds
   CPU-time for one grid interval          : 0.006 milliseconds
   CPU-time for initialization             : 0 seconds
   Number of result points                 : 6002
   Number of grid points                   : 6001
   Number of accepted steps                : 25
   Number of f-evaluations (dynamics)      : 25
   Number of Jacobian-evaluations          : 23
   Number of model time events             : 0
   Number of input time events             : 0
   Number of state events                  : 0
   Number of step events                   : 0
   Minimum integration stepsize            : 1.25e-07
   Maximum integration stepsize            : 1.05
   Maximum integration order               : 2
Calling terminal section
... "dsfinal.txt" creating (final states)
